<?xml version="1.0" encoding="UTF-8"?>
<!-- Generated by org.testng.reporters.JUnitXMLReporter -->
<testsuite hostname="DESKTOP-VJSQTF3" ignored="0" name="Test" tests="4" failures="0" timestamp="13 Feb 2023 17:12:11 GMT" time="12.093" errors="0">
  <testcase name="testCreateUser" time="7.838" classname="restassured.chain.api.CreateUser"/>
  <testcase name="TestGetUser" time="1.529" classname="restassured.chain.api.GetUser"/>
  <testcase name="TestUpdateUser" time="1.58" classname="restassured.chain.api.UpdateUser"/>
  <testcase name="TestDeleteUser" time="1.038" classname="restassured.chain.api.DeleteUser"/>
</testsuite> <!-- Test -->
