<?xml version="1.0" encoding="UTF-8"?>
<testng-results skipped="0" failed="0" ignored="0" total="1" passed="1">
  <reporter-output>
  </reporter-output>
  <suite name="Default suite" duration-ms="9349" started-at="2023-02-12T14:45:30Z" finished-at="2023-02-12T14:45:39Z">
    <groups>
    </groups>
    <test name="Default test" duration-ms="9349" started-at="2023-02-12T14:45:30Z" finished-at="2023-02-12T14:45:39Z">
      <class name="restassured.day.one.PostDifferentWays">
        <test-method status="PASS" signature="PostUsingExternalJsonFile()[pri:0, instance:restassured.day.one.PostDifferentWays@6d4b1c02]" name="PostUsingExternalJsonFile" duration-ms="9255" started-at="2023-02-12T14:45:30Z" finished-at="2023-02-12T14:45:39Z">
          <reporter-output>
          </reporter-output>
        </test-method> <!-- PostUsingExternalJsonFile -->
      </class> <!-- restassured.day.one.PostDifferentWays -->
    </test> <!-- Default test -->
  </suite> <!-- Default suite -->
</testng-results>
